# JRE version: OpenJDK Runtime Environment (8.0_152-b01) (build 1.8.0_152-release-915-b01)
# Java VM: OpenJDK 64-Bit Server VM (25.152-b01 mixed mode windows-amd64 compressed oops)
Heap:
 PSYoungGen      total 135680K, used 135677K [0x00000000eab00000, 0x00000000f6300000, 0x0000000100000000)
  eden space 122368K, 100% used [0x00000000eab00000,0x00000000f2280000,0x00000000f2280000)
  from space 13312K, 99% used [0x00000000f2280000,0x00000000f2f7f4e0,0x00000000f2f80000)
  to   space 17408K, 56% used [0x00000000f5200000,0x00000000f5bac030,0x00000000f6300000)
 ParOldGen       total 93696K, used 28136K [0x00000000c0000000, 0x00000000c5b80000, 0x00000000eab00000)
  object space 93696K, 30% used [0x00000000c0000000,0x00000000c1b7a1f0,0x00000000c5b80000)
 Metaspace       used 53862K, capacity 55606K, committed 55896K, reserved 1097728K
  class space    used 7234K, capacity 7688K, committed 7808K, reserved 1048576K
GC Heap History (10 events):
Event: 12.047 GC heap after
Heap after GC invocations=11 (full 2):
 PSYoungGen      total 87552K, used 0K [0x00000000eab00000, 0x00000000f2700000, 0x0000000100000000)
  eden space 77312K, 0% used [0x00000000eab00000,0x00000000eab00000,0x00000000ef680000)
  from space 10240K, 0% used [0x00000000ef680000,0x00000000ef680000,0x00000000f0080000)
  to   space 10752K, 0% used [0x00000000f1c80000,0x00000000f1c80000,0x00000000f2700000)
 ParOldGen       total 93696K, used 14782K [0x00000000c0000000, 0x00000000c5b80000, 0x00000000eab00000)
  object space 93696K, 15% used [0x00000000c0000000,0x00000000c0e6fb58,0x00000000c5b80000)
 Metaspace       used 34478K, capacity 35216K, committed 35416K, reserved 1079296K
  class space    used 4675K, capacity 4960K, committed 4992K, reserved 1048576K
}
Event: 13.719 GC heap before
{Heap before GC invocations=12 (full 2):
 PSYoungGen      total 87552K, used 77312K [0x00000000eab00000, 0x00000000f2700000, 0x0000000100000000)
  eden space 77312K, 100% used [0x00000000eab00000,0x00000000ef680000,0x00000000ef680000)
  from space 10240K, 0% used [0x00000000ef680000,0x00000000ef680000,0x00000000f0080000)
  to   space 10752K, 0% used [0x00000000f1c80000,0x00000000f1c80000,0x00000000f2700000)
 ParOldGen       total 93696K, used 14782K [0x00000000c0000000, 0x00000000c5b80000, 0x00000000eab00000)
  object space 93696K, 15% used [0x00000000c0000000,0x00000000c0e6fb58,0x00000000c5b80000)
 Metaspace       used 40552K, capacity 41364K, committed 41816K, reserved 1085440K
  class space    used 5377K, capacity 5674K, committed 5760K, reserved 1048576K
Event: 13.739 GC heap after
Heap after GC invocations=12 (full 2):
 PSYoungGen      total 106496K, used 7844K [0x00000000eab00000, 0x00000000f2480000, 0x0000000100000000)
  eden space 98304K, 0% used [0x00000000eab00000,0x00000000eab00000,0x00000000f0b00000)
  from space 8192K, 95% used [0x00000000f1c80000,0x00000000f2429078,0x00000000f2480000)
  to   space 10752K, 0% used [0x00000000f0f80000,0x00000000f0f80000,0x00000000f1a00000)
 ParOldGen       total 93696K, used 14790K [0x00000000c0000000, 0x00000000c5b80000, 0x00000000eab00000)
  object space 93696K, 15% used [0x00000000c0000000,0x00000000c0e71b58,0x00000000c5b80000)
 Metaspace       used 40552K, capacity 41364K, committed 41816K, reserved 1085440K
  class space    used 5377K, capacity 5674K, committed 5760K, reserved 1048576K
}
Event: 16.965 GC heap before
{Heap before GC invocations=13 (full 2):
 PSYoungGen      total 106496K, used 106148K [0x00000000eab00000, 0x00000000f2480000, 0x0000000100000000)
  eden space 98304K, 100% used [0x00000000eab00000,0x00000000f0b00000,0x00000000f0b00000)
  from space 8192K, 95% used [0x00000000f1c80000,0x00000000f2429078,0x00000000f2480000)
  to   space 10752K, 0% used [0x00000000f0f80000,0x00000000f0f80000,0x00000000f1a00000)
 ParOldGen       total 93696K, used 14790K [0x00000000c0000000, 0x00000000c5b80000, 0x00000000eab00000)
  object space 93696K, 15% used [0x00000000c0000000,0x00000000c0e71b58,0x00000000c5b80000)
 Metaspace       used 46000K, capacity 47006K, committed 47192K, reserved 1089536K
  class space    used 6154K, capacity 6498K, committed 6528K, reserved 1048576K
Event: 16.992 GC heap after
Heap after GC invocations=13 (full 2):
 PSYoungGen      total 113664K, used 10724K [0x00000000eab00000, 0x00000000f3b00000, 0x0000000100000000)
  eden space 102912K, 0% used [0x00000000eab00000,0x00000000eab00000,0x00000000f0f80000)
  from space 10752K, 99% used [0x00000000f0f80000,0x00000000f19f90d8,0x00000000f1a00000)
  to   space 11776K, 0% used [0x00000000f2f80000,0x00000000f2f80000,0x00000000f3b00000)
 ParOldGen       total 93696K, used 14847K [0x00000000c0000000, 0x00000000c5b80000, 0x00000000eab00000)
  object space 93696K, 15% used [0x00000000c0000000,0x00000000c0e7fc38,0x00000000c5b80000)
 Metaspace       used 46000K, capacity 47006K, committed 47192K, reserved 1089536K
  class space    used 6154K, capacity 6498K, committed 6528K, reserved 1048576K
}
Event: 19.039 GC heap before
{Heap before GC invocations=14 (full 2):
 PSYoungGen      total 113664K, used 113636K [0x00000000eab00000, 0x00000000f3b00000, 0x0000000100000000)
  eden space 102912K, 100% used [0x00000000eab00000,0x00000000f0f80000,0x00000000f0f80000)
  from space 10752K, 99% used [0x00000000f0f80000,0x00000000f19f90d8,0x00000000f1a00000)
  to   space 11776K, 0% used [0x00000000f2f80000,0x00000000f2f80000,0x00000000f3b00000)
 ParOldGen       total 93696K, used 14847K [0x00000000c0000000, 0x00000000c5b80000, 0x00000000eab00000)
  object space 93696K, 15% used [0x00000000c0000000,0x00000000c0e7fc38,0x00000000c5b80000)
 Metaspace       used 46934K, capacity 47956K, committed 48344K, reserved 1091584K
  class space    used 6242K, capacity 6561K, committed 6656K, reserved 1048576K
Event: 19.062 GC heap after
Heap after GC invocations=14 (full 2):
 PSYoungGen      total 134144K, used 11764K [0x00000000eab00000, 0x00000000f4300000, 0x0000000100000000)
  eden space 122368K, 0% used [0x00000000eab00000,0x00000000eab00000,0x00000000f2280000)
  from space 11776K, 99% used [0x00000000f2f80000,0x00000000f3afd2a0,0x00000000f3b00000)
  to   space 13312K, 0% used [0x00000000f2280000,0x00000000f2280000,0x00000000f2f80000)
 ParOldGen       total 93696K, used 15405K [0x00000000c0000000, 0x00000000c5b80000, 0x00000000eab00000)
  object space 93696K, 16% used [0x00000000c0000000,0x00000000c0f0b570,0x00000000c5b80000)
 Metaspace       used 46934K, capacity 47956K, committed 48344K, reserved 1091584K
  class space    used 6242K, capacity 6561K, committed 6656K, reserved 1048576K
}
Event: 22.022 GC heap before
{Heap before GC invocations=15 (full 2):
 PSYoungGen      total 134144K, used 134132K [0x00000000eab00000, 0x00000000f4300000, 0x0000000100000000)
  eden space 122368K, 100% used [0x00000000eab00000,0x00000000f2280000,0x00000000f2280000)
  from space 11776K, 99% used [0x00000000f2f80000,0x00000000f3afd2a0,0x00000000f3b00000)
  to   space 13312K, 0% used [0x00000000f2280000,0x00000000f2280000,0x00000000f2f80000)
 ParOldGen       total 93696K, used 15405K [0x00000000c0000000, 0x00000000c5b80000, 0x00000000eab00000)
  object space 93696K, 16% used [0x00000000c0000000,0x00000000c0f0b570,0x00000000c5b80000)
 Metaspace       used 52821K, capacity 54454K, committed 54616K, reserved 1095680K
  class space    used 7094K, capacity 7506K, committed 7552K, reserved 1048576K
Event: 22.057 GC heap after
Heap after GC invocations=15 (full 2):
 PSYoungGen      total 135680K, used 13309K [0x00000000eab00000, 0x00000000f6300000, 0x0000000100000000)
  eden space 122368K, 0% used [0x00000000eab00000,0x00000000eab00000,0x00000000f2280000)
  from space 13312K, 99% used [0x00000000f2280000,0x00000000f2f7f4e0,0x00000000f2f80000)
  to   space 17408K, 0% used [0x00000000f5200000,0x00000000f5200000,0x00000000f6300000)
 ParOldGen       total 93696K, used 22488K [0x00000000c0000000, 0x00000000c5b80000, 0x00000000eab00000)
  object space 93696K, 24% used [0x00000000c0000000,0x00000000c15f6250,0x00000000c5b80000)
 Metaspace       used 52821K, capacity 54454K, committed 54616K, reserved 1095680K
  class space    used 7094K, capacity 7506K, committed 7552K, reserved 1048576K
}
Event: 25.184 GC heap before
{Heap before GC invocations=16 (full 2):
 PSYoungGen      total 135680K, used 135677K [0x00000000eab00000, 0x00000000f6300000, 0x0000000100000000)
  eden space 122368K, 100% used [0x00000000eab00000,0x00000000f2280000,0x00000000f2280000)
  from space 13312K, 99% used [0x00000000f2280000,0x00000000f2f7f4e0,0x00000000f2f80000)
  to   space 17408K, 0% used [0x00000000f5200000,0x00000000f5200000,0x00000000f6300000)
 ParOldGen       total 93696K, used 22488K [0x00000000c0000000, 0x00000000c5b80000, 0x00000000eab00000)
  object space 93696K, 24% used [0x00000000c0000000,0x00000000c15f6250,0x00000000c5b80000)
 Metaspace       used 53862K, capacity 55606K, committed 55896K, reserved 1097728K
  class space    used 7234K, capacity 7688K, committed 7808K, reserved 1048576K

