# JRE version: OpenJDK Runtime Environment (8.0_152-b01) (build 1.8.0_152-release-915-b01)
# Java VM: OpenJDK 64-Bit Server VM (25.152-b01 mixed mode windows-amd64 compressed oops)
Heap:
 PSYoungGen      total 311808K, used 37376K [0x00000000eab00000, 0x0000000100000000, 0x0000000100000000)
  eden space 274432K, 0% used [0x00000000eab00000,0x00000000eab00000,0x00000000fb700000)
  from space 37376K, 100% used [0x00000000fb700000,0x00000000fdb80000,0x00000000fdb80000)
  to   space 37376K, 0% used [0x00000000fdb80000,0x00000000fdb80000,0x0000000100000000)
 ParOldGen       total 310272K, used 293135K [0x00000000c0000000, 0x00000000d2f00000, 0x00000000eab00000)
  object space 310272K, 94% used [0x00000000c0000000,0x00000000d1e43cf0,0x00000000d2f00000)
 Metaspace       used 81655K, capacity 87348K, committed 87512K, reserved 1124352K
  class space    used 10391K, capacity 11674K, committed 11776K, reserved 1048576K
GC Heap History (10 events):
Event: 4549.564 GC heap after
Heap after GC invocations=57 (full 4):
 PSYoungGen      total 310272K, used 7615K [0x00000000eab00000, 0x00000000fff00000, 0x0000000100000000)
  eden space 278016K, 0% used [0x00000000eab00000,0x00000000eab00000,0x00000000fba80000)
  from space 32256K, 23% used [0x00000000fba80000,0x00000000fc1efef0,0x00000000fda00000)
  to   space 30208K, 0% used [0x00000000fe180000,0x00000000fe180000,0x00000000fff00000)
 ParOldGen       total 310272K, used 224094K [0x00000000c0000000, 0x00000000d2f00000, 0x00000000eab00000)
  object space 310272K, 72% used [0x00000000c0000000,0x00000000cdad7a78,0x00000000d2f00000)
 Metaspace       used 80121K, capacity 85456K, committed 85592K, reserved 1124352K
  class space    used 10184K, capacity 11364K, committed 11392K, reserved 1048576K
}
Event: 4732.682 GC heap before
{Heap before GC invocations=58 (full 4):
 PSYoungGen      total 310272K, used 285631K [0x00000000eab00000, 0x00000000fff00000, 0x0000000100000000)
  eden space 278016K, 100% used [0x00000000eab00000,0x00000000fba80000,0x00000000fba80000)
  from space 32256K, 23% used [0x00000000fba80000,0x00000000fc1efef0,0x00000000fda00000)
  to   space 30208K, 0% used [0x00000000fe180000,0x00000000fe180000,0x00000000fff00000)
 ParOldGen       total 310272K, used 224094K [0x00000000c0000000, 0x00000000d2f00000, 0x00000000eab00000)
  object space 310272K, 72% used [0x00000000c0000000,0x00000000cdad7a78,0x00000000d2f00000)
 Metaspace       used 80316K, capacity 85808K, committed 85976K, reserved 1124352K
  class space    used 10210K, capacity 11432K, committed 11520K, reserved 1048576K
Event: 4732.754 GC heap after
Heap after GC invocations=58 (full 4):
 PSYoungGen      total 311808K, used 6944K [0x00000000eab00000, 0x00000000ffa00000, 0x0000000100000000)
  eden space 286720K, 0% used [0x00000000eab00000,0x00000000eab00000,0x00000000fc300000)
  from space 25088K, 27% used [0x00000000fe180000,0x00000000fe848020,0x00000000ffa00000)
  to   space 28160K, 0% used [0x00000000fc300000,0x00000000fc300000,0x00000000fde80000)
 ParOldGen       total 310272K, used 226981K [0x00000000c0000000, 0x00000000d2f00000, 0x00000000eab00000)
  object space 310272K, 73% used [0x00000000c0000000,0x00000000cdda97e8,0x00000000d2f00000)
 Metaspace       used 80316K, capacity 85808K, committed 85976K, reserved 1124352K
  class space    used 10210K, capacity 11432K, committed 11520K, reserved 1048576K
}
Event: 5255.579 GC heap before
{Heap before GC invocations=59 (full 4):
 PSYoungGen      total 311808K, used 293664K [0x00000000eab00000, 0x00000000ffa00000, 0x0000000100000000)
  eden space 286720K, 100% used [0x00000000eab00000,0x00000000fc300000,0x00000000fc300000)
  from space 25088K, 27% used [0x00000000fe180000,0x00000000fe848020,0x00000000ffa00000)
  to   space 28160K, 0% used [0x00000000fc300000,0x00000000fc300000,0x00000000fde80000)
 ParOldGen       total 310272K, used 226981K [0x00000000c0000000, 0x00000000d2f00000, 0x00000000eab00000)
  object space 310272K, 73% used [0x00000000c0000000,0x00000000cdda97e8,0x00000000d2f00000)
 Metaspace       used 80525K, capacity 86208K, committed 86232K, reserved 1124352K
  class space    used 10241K, capacity 11508K, committed 11520K, reserved 1048576K
Event: 5255.597 GC heap after
Heap after GC invocations=59 (full 4):
 PSYoungGen      total 314880K, used 4106K [0x00000000eab00000, 0x0000000100000000, 0x0000000100000000)
  eden space 286720K, 0% used [0x00000000eab00000,0x00000000eab00000,0x00000000fc300000)
  from space 28160K, 14% used [0x00000000fc300000,0x00000000fc702bf8,0x00000000fde80000)
  to   space 26624K, 0% used [0x00000000fe600000,0x00000000fe600000,0x0000000100000000)
 ParOldGen       total 310272K, used 227544K [0x00000000c0000000, 0x00000000d2f00000, 0x00000000eab00000)
  object space 310272K, 73% used [0x00000000c0000000,0x00000000cde362b8,0x00000000d2f00000)
 Metaspace       used 80525K, capacity 86208K, committed 86232K, reserved 1124352K
  class space    used 10241K, capacity 11508K, committed 11520K, reserved 1048576K
}
Event: 5306.101 GC heap before
{Heap before GC invocations=60 (full 4):
 PSYoungGen      total 314880K, used 290826K [0x00000000eab00000, 0x0000000100000000, 0x0000000100000000)
  eden space 286720K, 100% used [0x00000000eab00000,0x00000000fc300000,0x00000000fc300000)
  from space 28160K, 14% used [0x00000000fc300000,0x00000000fc702bf8,0x00000000fde80000)
  to   space 26624K, 0% used [0x00000000fe600000,0x00000000fe600000,0x0000000100000000)
 ParOldGen       total 310272K, used 227544K [0x00000000c0000000, 0x00000000d2f00000, 0x00000000eab00000)
  object space 310272K, 73% used [0x00000000c0000000,0x00000000cde362b8,0x00000000d2f00000)
 Metaspace       used 81418K, capacity 87124K, committed 87384K, reserved 1124352K
  class space    used 10360K, capacity 11642K, committed 11648K, reserved 1048576K
Event: 5306.197 GC heap after
Heap after GC invocations=60 (full 4):
 PSYoungGen      total 301056K, used 26619K [0x00000000eab00000, 0x0000000100000000, 0x0000000100000000)
  eden space 274432K, 0% used [0x00000000eab00000,0x00000000eab00000,0x00000000fb700000)
  from space 26624K, 99% used [0x00000000fe600000,0x00000000ffffefe0,0x0000000100000000)
  to   space 37376K, 0% used [0x00000000fb700000,0x00000000fb700000,0x00000000fdb80000)
 ParOldGen       total 310272K, used 242172K [0x00000000c0000000, 0x00000000d2f00000, 0x00000000eab00000)
  object space 310272K, 78% used [0x00000000c0000000,0x00000000cec7f140,0x00000000d2f00000)
 Metaspace       used 81418K, capacity 87124K, committed 87384K, reserved 1124352K
  class space    used 10360K, capacity 11642K, committed 11648K, reserved 1048576K
}
Event: 5310.233 GC heap before
{Heap before GC invocations=61 (full 4):
 PSYoungGen      total 301056K, used 301051K [0x00000000eab00000, 0x0000000100000000, 0x0000000100000000)
  eden space 274432K, 100% used [0x00000000eab00000,0x00000000fb700000,0x00000000fb700000)
  from space 26624K, 99% used [0x00000000fe600000,0x00000000ffffefe0,0x0000000100000000)
  to   space 37376K, 0% used [0x00000000fb700000,0x00000000fb700000,0x00000000fdb80000)
 ParOldGen       total 310272K, used 242172K [0x00000000c0000000, 0x00000000d2f00000, 0x00000000eab00000)
  object space 310272K, 78% used [0x00000000c0000000,0x00000000cec7f140,0x00000000d2f00000)
 Metaspace       used 81655K, capacity 87348K, committed 87512K, reserved 1124352K
  class space    used 10391K, capacity 11674K, committed 11776K, reserved 1048576K
Event: 5310.409 GC heap after
Heap after GC invocations=61 (full 4):
 PSYoungGen      total 311808K, used 37376K [0x00000000eab00000, 0x0000000100000000, 0x0000000100000000)
  eden space 274432K, 0% used [0x00000000eab00000,0x00000000eab00000,0x00000000fb700000)
  from space 37376K, 100% used [0x00000000fb700000,0x00000000fdb80000,0x00000000fdb80000)
  to   space 37376K, 0% used [0x00000000fdb80000,0x00000000fdb80000,0x0000000100000000)
 ParOldGen       total 310272K, used 293135K [0x00000000c0000000, 0x00000000d2f00000, 0x00000000eab00000)
  object space 310272K, 94% used [0x00000000c0000000,0x00000000d1e43cf0,0x00000000d2f00000)
 Metaspace       used 81655K, capacity 87348K, committed 87512K, reserved 1124352K
  class space    used 10391K, capacity 11674K, committed 11776K, reserved 1048576K
}
Event: 5310.409 GC heap before
{Heap before GC invocations=62 (full 5):
 PSYoungGen      total 311808K, used 37376K [0x00000000eab00000, 0x0000000100000000, 0x0000000100000000)
  eden space 274432K, 0% used [0x00000000eab00000,0x00000000eab00000,0x00000000fb700000)
  from space 37376K, 100% used [0x00000000fb700000,0x00000000fdb80000,0x00000000fdb80000)
  to   space 37376K, 0% used [0x00000000fdb80000,0x00000000fdb80000,0x0000000100000000)
 ParOldGen       total 310272K, used 293135K [0x00000000c0000000, 0x00000000d2f00000, 0x00000000eab00000)
  object space 310272K, 94% used [0x00000000c0000000,0x00000000d1e43cf0,0x00000000d2f00000)
 Metaspace       used 81655K, capacity 87348K, committed 87512K, reserved 1124352K
  class space    used 10391K, capacity 11674K, committed 11776K, reserved 1048576K

