# JRE version: OpenJDK Runtime Environment (8.0_76-b03) (build 1.8.0_76-release-b03)
# Java VM: OpenJDK 64-Bit Server VM (25.76-b03 mixed mode windows-amd64 compressed oops)
Heap:
 PSYoungGen      total 495104K, used 383092K [0x000000076ab00000, 0x0000000794080000, 0x00000007c0000000)
  eden space 381952K, 100% used [0x000000076ab00000,0x0000000782000000,0x0000000782000000)
  from space 113152K, 1% used [0x0000000782000000,0x000000078211d2d0,0x0000000788e80000)
  to   space 112640K, 13% used [0x000000078d280000,0x000000078e179308,0x0000000794080000)
 ParOldGen       total 634368K, used 429761K [0x00000006c0000000, 0x00000006e6b80000, 0x000000076ab00000)
  object space 634368K, 67% used [0x00000006c0000000,0x00000006da3b0618,0x00000006e6b80000)
 Metaspace       used 6599K, capacity 7282K, committed 7552K, reserved 1056768K
  class space    used 601K, capacity 618K, committed 640K, reserved 1048576K
GC Heap History (10 events):
Event: 36.864 GC heap before
{Heap before GC invocations=18 (full 3):
 PSYoungGen      total 398848K, used 398821K [0x000000076ab00000, 0x000000078ba80000, 0x00000007c0000000)
  eden space 325632K, 100% used [0x000000076ab00000,0x000000077e900000,0x000000077e900000)
  from space 73216K, 99% used [0x0000000784400000,0x0000000788b797a0,0x0000000788b80000)
  to   space 93184K, 0% used [0x000000077e900000,0x000000077e900000,0x0000000784400000)
 ParOldGen       total 259072K, used 200275K [0x00000006c0000000, 0x00000006cfd00000, 0x000000076ab00000)
  object space 259072K, 77% used [0x00000006c0000000,0x00000006cc394c30,0x00000006cfd00000)
 Metaspace       used 6577K, capacity 7282K, committed 7552K, reserved 1056768K
  class space    used 600K, capacity 618K, committed 640K, reserved 1048576K
Event: 37.345 GC heap after
Heap after GC invocations=18 (full 3):
 PSYoungGen      total 418816K, used 52918K [0x000000076ab00000, 0x000000078ea80000, 0x00000007c0000000)
  eden space 325632K, 0% used [0x000000076ab00000,0x000000076ab00000,0x000000077e900000)
  from space 93184K, 56% used [0x000000077e900000,0x0000000781cad9e8,0x0000000784400000)
  to   space 94208K, 0% used [0x0000000788e80000,0x0000000788e80000,0x000000078ea80000)
 ParOldGen       total 273920K, used 273852K [0x00000006c0000000, 0x00000006d0b80000, 0x000000076ab00000)
  object space 273920K, 99% used [0x00000006c0000000,0x00000006d0b6f240,0x00000006d0b80000)
 Metaspace       used 6577K, capacity 7282K, committed 7552K, reserved 1056768K
  class space    used 600K, capacity 618K, committed 640K, reserved 1048576K
}
Event: 37.345 GC heap before
{Heap before GC invocations=19 (full 4):
 PSYoungGen      total 418816K, used 52918K [0x000000076ab00000, 0x000000078ea80000, 0x00000007c0000000)
  eden space 325632K, 0% used [0x000000076ab00000,0x000000076ab00000,0x000000077e900000)
  from space 93184K, 56% used [0x000000077e900000,0x0000000781cad9e8,0x0000000784400000)
  to   space 94208K, 0% used [0x0000000788e80000,0x0000000788e80000,0x000000078ea80000)
 ParOldGen       total 273920K, used 273852K [0x00000006c0000000, 0x00000006d0b80000, 0x000000076ab00000)
  object space 273920K, 99% used [0x00000006c0000000,0x00000006d0b6f240,0x00000006d0b80000)
 Metaspace       used 6577K, capacity 7282K, committed 7552K, reserved 1056768K
  class space    used 600K, capacity 618K, committed 640K, reserved 1048576K
Event: 41.596 GC heap after
Heap after GC invocations=19 (full 4):
 PSYoungGen      total 418816K, used 49523K [0x000000076ab00000, 0x000000078ea80000, 0x00000007c0000000)
  eden space 325632K, 0% used [0x000000076ab00000,0x000000076ab00000,0x000000077e900000)
  from space 93184K, 53% used [0x000000077e900000,0x000000078195cea0,0x0000000784400000)
  to   space 94208K, 0% used [0x0000000788e80000,0x0000000788e80000,0x000000078ea80000)
 ParOldGen       total 430080K, used 273716K [0x00000006c0000000, 0x00000006da400000, 0x000000076ab00000)
  object space 430080K, 63% used [0x00000006c0000000,0x00000006d0b4d080,0x00000006da400000)
 Metaspace       used 6577K, capacity 7282K, committed 7552K, reserved 1056768K
  class space    used 600K, capacity 618K, committed 640K, reserved 1048576K
}
Event: 42.747 GC heap before
{Heap before GC invocations=20 (full 4):
 PSYoungGen      total 418816K, used 375155K [0x000000076ab00000, 0x000000078ea80000, 0x00000007c0000000)
  eden space 325632K, 100% used [0x000000076ab00000,0x000000077e900000,0x000000077e900000)
  from space 93184K, 53% used [0x000000077e900000,0x000000078195cea0,0x0000000784400000)
  to   space 94208K, 0% used [0x0000000788e80000,0x0000000788e80000,0x000000078ea80000)
 ParOldGen       total 430080K, used 273716K [0x00000006c0000000, 0x00000006da400000, 0x000000076ab00000)
  object space 430080K, 63% used [0x00000006c0000000,0x00000006d0b4d080,0x00000006da400000)
 Metaspace       used 6582K, capacity 7282K, committed 7552K, reserved 1056768K
  class space    used 600K, capacity 618K, committed 640K, reserved 1048576K
Event: 43.258 GC heap after
Heap after GC invocations=20 (full 4):
 PSYoungGen      total 476160K, used 94182K [0x000000076ab00000, 0x0000000790500000, 0x00000007c0000000)
  eden space 381952K, 0% used [0x000000076ab00000,0x000000076ab00000,0x0000000782000000)
  from space 94208K, 99% used [0x0000000788e80000,0x000000078ea79bd8,0x000000078ea80000)
  to   space 113152K, 0% used [0x0000000782000000,0x0000000782000000,0x0000000788e80000)
 ParOldGen       total 430080K, used 282519K [0x00000006c0000000, 0x00000006da400000, 0x000000076ab00000)
  object space 430080K, 65% used [0x00000006c0000000,0x00000006d13e5c50,0x00000006da400000)
 Metaspace       used 6582K, capacity 7282K, committed 7552K, reserved 1056768K
  class space    used 600K, capacity 618K, committed 640K, reserved 1048576K
}
Event: 44.480 GC heap before
{Heap before GC invocations=21 (full 4):
 PSYoungGen      total 476160K, used 476134K [0x000000076ab00000, 0x0000000790500000, 0x00000007c0000000)
  eden space 381952K, 100% used [0x000000076ab00000,0x0000000782000000,0x0000000782000000)
  from space 94208K, 99% used [0x0000000788e80000,0x000000078ea79bd8,0x000000078ea80000)
  to   space 113152K, 0% used [0x0000000782000000,0x0000000782000000,0x0000000788e80000)
 ParOldGen       total 430080K, used 282519K [0x00000006c0000000, 0x00000006da400000, 0x000000076ab00000)
  object space 430080K, 65% used [0x00000006c0000000,0x00000006d13e5c50,0x00000006da400000)
 Metaspace       used 6597K, capacity 7282K, committed 7552K, reserved 1056768K
  class space    used 601K, capacity 618K, committed 640K, reserved 1048576K
Event: 45.452 GC heap after
Heap after GC invocations=21 (full 4):
 PSYoungGen      total 495104K, used 60073K [0x000000076ab00000, 0x0000000794080000, 0x00000007c0000000)
  eden space 381952K, 0% used [0x000000076ab00000,0x000000076ab00000,0x0000000782000000)
  from space 113152K, 53% used [0x0000000782000000,0x0000000785aaa650,0x0000000788e80000)
  to   space 112640K, 0% used [0x000000078d280000,0x000000078d280000,0x0000000794080000)
 ParOldGen       total 430080K, used 377296K [0x00000006c0000000, 0x00000006da400000, 0x000000076ab00000)
  object space 430080K, 87% used [0x00000006c0000000,0x00000006d7074110,0x00000006da400000)
 Metaspace       used 6597K, capacity 7282K, committed 7552K, reserved 1056768K
  class space    used 601K, capacity 618K, committed 640K, reserved 1048576K
}
Event: 45.452 GC heap before
{Heap before GC invocations=22 (full 5):
 PSYoungGen      total 495104K, used 60073K [0x000000076ab00000, 0x0000000794080000, 0x00000007c0000000)
  eden space 381952K, 0% used [0x000000076ab00000,0x000000076ab00000,0x0000000782000000)
  from space 113152K, 53% used [0x0000000782000000,0x0000000785aaa650,0x0000000788e80000)
  to   space 112640K, 0% used [0x000000078d280000,0x000000078d280000,0x0000000794080000)
 ParOldGen       total 430080K, used 377296K [0x00000006c0000000, 0x00000006da400000, 0x000000076ab00000)
  object space 430080K, 87% used [0x00000006c0000000,0x00000006d7074110,0x00000006da400000)
 Metaspace       used 6597K, capacity 7282K, committed 7552K, reserved 1056768K
  class space    used 601K, capacity 618K, committed 640K, reserved 1048576K
Event: 50.111 GC heap after
Heap after GC invocations=22 (full 5):
 PSYoungGen      total 495104K, used 1140K [0x000000076ab00000, 0x0000000794080000, 0x00000007c0000000)
  eden space 381952K, 0% used [0x000000076ab00000,0x000000076ab00000,0x0000000782000000)
  from space 113152K, 1% used [0x0000000782000000,0x000000078211d2d0,0x0000000788e80000)
  to   space 112640K, 0% used [0x000000078d280000,0x000000078d280000,0x0000000794080000)
 ParOldGen       total 634368K, used 429761K [0x00000006c0000000, 0x00000006e6b80000, 0x000000076ab00000)
  object space 634368K, 67% used [0x00000006c0000000,0x00000006da3b0618,0x00000006e6b80000)
 Metaspace       used 6597K, capacity 7282K, committed 7552K, reserved 1056768K
  class space    used 601K, capacity 618K, committed 640K, reserved 1048576K
}

